# JRE version: Java(TM) SE Runtime Environment (17.0.14+8) (build 17.0.14+8-LTS-191)
# Java VM: Java HotSpot(TM) 64-Bit Server VM (17.0.14+8-LTS-191, mixed mode, sharing, tiered, compressed oops, compressed class ptrs, g1 gc, windows-amd64)
GC Precious Log:
 CPUs: 4 total, 4 available
 Memory: 10126M
 Large Page Support: Disabled
 NUMA Support: Disabled
 Compressed Oops: Enabled (Zero based)
 Heap Region Size: 4M
 Heap Min Capacity: 8M
 Heap Initial Capacity: 160M
 Heap Max Capacity: 8G
 Pre-touch: Disabled
 Parallel Workers: 4
 Concurrent Workers: 1
 Concurrent Refinement Workers: 4
 Periodic GC: Disabled
Heap:
 garbage-first heap   total 954368K, used 449077K [0x0000000600000000, 0x0000000800000000)
  region size 4096K, 5 young (20480K), 5 survivors (20480K)
 Metaspace       used 180423K, committed 181952K, reserved 1245184K
  class space    used 23348K, committed 24000K, reserved 1048576K
GC Heap History (20 events):
Event: 296.455 GC heap after
{Heap after GC invocations=80 (full 0):
 garbage-first heap   total 954368K, used 385956K [0x0000000600000000, 0x0000000800000000)
  region size 4096K, 7 young (28672K), 7 survivors (28672K)
 Metaspace       used 180292K, committed 181760K, reserved 1245184K
  class space    used 23364K, committed 24000K, reserved 1048576K
}
Event: 307.363 GC heap before
{Heap before GC invocations=81 (full 0):
 garbage-first heap   total 954368K, used 762788K [0x0000000600000000, 0x0000000800000000)
  region size 4096K, 100 young (409600K), 7 survivors (28672K)
 Metaspace       used 180100K, committed 181760K, reserved 1245184K
  class space    used 23308K, committed 24000K, reserved 1048576K
}
Event: 307.429 GC heap after
{Heap after GC invocations=82 (full 0):
 garbage-first heap   total 954368K, used 397240K [0x0000000600000000, 0x0000000800000000)
  region size 4096K, 10 young (40960K), 10 survivors (40960K)
 Metaspace       used 180100K, committed 181760K, reserved 1245184K
  class space    used 23308K, committed 24000K, reserved 1048576K
}
Event: 307.467 GC heap before
{Heap before GC invocations=82 (full 0):
 garbage-first heap   total 954368K, used 397240K [0x0000000600000000, 0x0000000800000000)
  region size 4096K, 11 young (45056K), 10 survivors (40960K)
 Metaspace       used 180100K, committed 181760K, reserved 1245184K
  class space    used 23308K, committed 24000K, reserved 1048576K
}
Event: 307.528 GC heap after
{Heap after GC invocations=83 (full 0):
 garbage-first heap   total 954368K, used 389572K [0x0000000600000000, 0x0000000800000000)
  region size 4096K, 2 young (8192K), 2 survivors (8192K)
 Metaspace       used 180100K, committed 181760K, reserved 1245184K
  class space    used 23308K, committed 24000K, reserved 1048576K
}
Event: 311.164 GC heap before
{Heap before GC invocations=83 (full 0):
 garbage-first heap   total 954368K, used 774596K [0x0000000600000000, 0x0000000800000000)
  region size 4096K, 97 young (397312K), 2 survivors (8192K)
 Metaspace       used 180110K, committed 181760K, reserved 1245184K
  class space    used 23308K, committed 24000K, reserved 1048576K
}
Event: 311.197 GC heap after
{Heap after GC invocations=84 (full 0):
 garbage-first heap   total 954368K, used 404406K [0x0000000600000000, 0x0000000800000000)
  region size 4096K, 5 young (20480K), 5 survivors (20480K)
 Metaspace       used 180110K, committed 181760K, reserved 1245184K
  class space    used 23308K, committed 24000K, reserved 1048576K
}
Event: 313.066 GC heap before
{Heap before GC invocations=84 (full 0):
 garbage-first heap   total 954368K, used 781238K [0x0000000600000000, 0x0000000800000000)
  region size 4096K, 97 young (397312K), 5 survivors (20480K)
 Metaspace       used 180113K, committed 181760K, reserved 1245184K
  class space    used 23308K, committed 24000K, reserved 1048576K
}
Event: 313.100 GC heap after
{Heap after GC invocations=85 (full 0):
 garbage-first heap   total 954368K, used 410760K [0x0000000600000000, 0x0000000800000000)
  region size 4096K, 7 young (28672K), 7 survivors (28672K)
 Metaspace       used 180113K, committed 181760K, reserved 1245184K
  class space    used 23308K, committed 24000K, reserved 1048576K
}
Event: 314.595 GC heap before
{Heap before GC invocations=85 (full 0):
 garbage-first heap   total 954368K, used 791688K [0x0000000600000000, 0x0000000800000000)
  region size 4096K, 100 young (409600K), 7 survivors (28672K)
 Metaspace       used 180119K, committed 181760K, reserved 1245184K
  class space    used 23308K, committed 24000K, reserved 1048576K
}
Event: 314.627 GC heap after
{Heap after GC invocations=86 (full 0):
 garbage-first heap   total 954368K, used 413606K [0x0000000600000000, 0x0000000800000000)
  region size 4096K, 8 young (32768K), 8 survivors (32768K)
 Metaspace       used 180119K, committed 181760K, reserved 1245184K
  class space    used 23308K, committed 24000K, reserved 1048576K
}
Event: 319.307 GC heap before
{Heap before GC invocations=86 (full 0):
 garbage-first heap   total 954368K, used 798630K [0x0000000600000000, 0x0000000800000000)
  region size 4096K, 102 young (417792K), 8 survivors (32768K)
 Metaspace       used 180123K, committed 181760K, reserved 1245184K
  class space    used 23308K, committed 24000K, reserved 1048576K
}
Event: 319.344 GC heap after
{Heap after GC invocations=87 (full 0):
 garbage-first heap   total 954368K, used 411152K [0x0000000600000000, 0x0000000800000000)
  region size 4096K, 4 young (16384K), 4 survivors (16384K)
 Metaspace       used 180123K, committed 181760K, reserved 1245184K
  class space    used 23308K, committed 24000K, reserved 1048576K
}
Event: 322.804 GC heap before
{Heap before GC invocations=87 (full 0):
 garbage-first heap   total 954368K, used 800272K [0x0000000600000000, 0x0000000800000000)
  region size 4096K, 99 young (405504K), 4 survivors (16384K)
 Metaspace       used 180343K, committed 181888K, reserved 1245184K
  class space    used 23336K, committed 24000K, reserved 1048576K
}
Event: 322.829 GC heap after
{Heap after GC invocations=88 (full 0):
 garbage-first heap   total 954368K, used 417806K [0x0000000600000000, 0x0000000800000000)
  region size 4096K, 5 young (20480K), 5 survivors (20480K)
 Metaspace       used 180343K, committed 181888K, reserved 1245184K
  class space    used 23336K, committed 24000K, reserved 1048576K
}
Event: 325.982 GC heap before
{Heap before GC invocations=88 (full 0):
 garbage-first heap   total 954368K, used 798734K [0x0000000600000000, 0x0000000800000000)
  region size 4096K, 99 young (405504K), 5 survivors (20480K)
 Metaspace       used 180421K, committed 181952K, reserved 1245184K
  class space    used 23348K, committed 24000K, reserved 1048576K
}
Event: 326.028 GC heap after
{Heap after GC invocations=89 (full 0):
 garbage-first heap   total 954368K, used 435283K [0x0000000600000000, 0x0000000800000000)
  region size 4096K, 10 young (40960K), 10 survivors (40960K)
 Metaspace       used 180421K, committed 181952K, reserved 1245184K
  class space    used 23348K, committed 24000K, reserved 1048576K
}
Event: 327.394 GC heap before
{Heap before GC invocations=89 (full 0):
 garbage-first heap   total 954368K, used 795731K [0x0000000600000000, 0x0000000800000000)
  region size 4096K, 99 young (405504K), 10 survivors (40960K)
 Metaspace       used 180423K, committed 181952K, reserved 1245184K
  class space    used 23348K, committed 24000K, reserved 1048576K
}
Event: 327.446 GC heap after
{Heap after GC invocations=90 (full 0):
 garbage-first heap   total 954368K, used 443386K [0x0000000600000000, 0x0000000800000000)
  region size 4096K, 8 young (32768K), 8 survivors (32768K)
 Metaspace       used 180423K, committed 181952K, reserved 1245184K
  class space    used 23348K, committed 24000K, reserved 1048576K
}
Event: 328.789 GC heap before
{Heap before GC invocations=90 (full 0):
 garbage-first heap   total 954368K, used 803834K [0x0000000600000000, 0x0000000800000000)
  region size 4096K, 96 young (393216K), 8 survivors (32768K)
 Metaspace       used 180423K, committed 181952K, reserved 1245184K
  class space    used 23348K, committed 24000K, reserved 1048576K
}

